2020-12-30 17:45:59,608 INFO PERFORMANCE:|0|0|-1|-1

2020-12-30 17:51:00,622 INFO PERFORMANCE:|1|1|-1|-1

2020-12-30 17:56:00,627 INFO PERFORMANCE:|1|1|-1|-1

2020-12-30 18:01:00,669 INFO PERFORMANCE:|1|1|-1|-1

2020-12-30 18:06:00,682 INFO PERFORMANCE:|1|1|-1|-1

2020-12-30 18:11:00,697 INFO PERFORMANCE:|1|1|-1|-1

2020-12-30 18:16:00,711 INFO PERFORMANCE:|0|0|-1|-1

2020-12-30 18:21:00,725 INFO PERFORMANCE:|0|0|-1|-1

2020-12-30 18:26:00,755 INFO PERFORMANCE:|1|1|-1|-1

2020-12-30 18:31:00,756 INFO PERFORMANCE:|0|0|-1|-1

2020-12-30 18:36:00,760 INFO PERFORMANCE:|0|0|-1|-1

2020-12-30 18:41:00,768 INFO PERFORMANCE:|1|1|-1|-1

2020-12-30 18:46:00,775 INFO PERFORMANCE:|1|1|-1|-1

2020-12-30 18:51:00,779 INFO PERFORMANCE:|1|1|-1|-1

2020-12-30 18:56:00,894 INFO PERFORMANCE:|1|1|-1|-1

2020-12-30 19:01:00,897 INFO PERFORMANCE:|1|1|-1|-1

2020-12-30 19:06:00,905 INFO PERFORMANCE:|1|1|-1|-1

2020-12-30 19:11:00,915 INFO PERFORMANCE:|1|1|-1|-1

2020-12-30 19:16:00,916 INFO PERFORMANCE:|1|1|-1|-1

2020-12-30 19:21:00,930 INFO PERFORMANCE:|1|1|-1|-1

2020-12-30 19:26:00,938 INFO PERFORMANCE:|1|1|-1|-1

2020-12-30 19:31:00,945 INFO PERFORMANCE:|1|1|-1|-1

2020-12-30 19:36:00,950 INFO PERFORMANCE:|1|1|-1|-1

2020-12-30 19:41:00,955 INFO PERFORMANCE:|1|1|-1|-1

