0:0:0:0:0:0:0:1 - - [21/Dec/2020:21:28:40 +0800] "GET /nacos/index.html HTTP/1.1" 200 2624 127 Mozilla/5.0 (Windows NT 10.0; Win64; x64) AppleWebKit/537.36 (KHTML, like Gecko) Chrome/87.0.4280.88 Safari/537.36
0:0:0:0:0:0:0:1 - - [21/Dec/2020:21:28:41 +0800] "GET /nacos/console-fe/public/css/bootstrap.css HTTP/1.1" 200 123294 22 Mozilla/5.0 (Windows NT 10.0; Win64; x64) AppleWebKit/537.36 (KHTML, like Gecko) Chrome/87.0.4280.88 Safari/537.36
0:0:0:0:0:0:0:1 - - [21/Dec/2020:21:28:41 +0800] "GET /nacos/console-fe/public/css/console1412.css HTTP/1.1" 200 156959 28 Mozilla/5.0 (Windows NT 10.0; Win64; x64) AppleWebKit/537.36 (KHTML, like Gecko) Chrome/87.0.4280.88 Safari/537.36
0:0:0:0:0:0:0:1 - - [21/Dec/2020:21:28:41 +0800] "GET /nacos/console-fe/public/css/font-awesome.css HTTP/1.1" 200 33850 10 Mozilla/5.0 (Windows NT 10.0; Win64; x64) AppleWebKit/537.36 (KHTML, like Gecko) Chrome/87.0.4280.88 Safari/537.36
0:0:0:0:0:0:0:1 - - [21/Dec/2020:21:28:41 +0800] "GET /nacos/console-fe/public/css/merge.css HTTP/1.1" 200 3866 12 Mozilla/5.0 (Windows NT 10.0; Win64; x64) AppleWebKit/537.36 (KHTML, like Gecko) Chrome/87.0.4280.88 Safari/537.36
0:0:0:0:0:0:0:1 - - [21/Dec/2020:21:28:41 +0800] "GET /nacos/console-fe/public/css/codemirror.css HTTP/1.1" 200 8858 39 Mozilla/5.0 (Windows NT 10.0; Win64; x64) AppleWebKit/537.36 (KHTML, like Gecko) Chrome/87.0.4280.88 Safari/537.36
0:0:0:0:0:0:0:1 - - [21/Dec/2020:21:28:41 +0800] "GET /nacos/console-fe/public/css/icon.css HTTP/1.1" 200 5176 27 Mozilla/5.0 (Windows NT 10.0; Win64; x64) AppleWebKit/537.36 (KHTML, like Gecko) Chrome/87.0.4280.88 Safari/537.36
0:0:0:0:0:0:0:1 - - [21/Dec/2020:21:28:41 +0800] "GET /nacos/console-fe/public/js/jquery.js HTTP/1.1" 200 89476 20 Mozilla/5.0 (Windows NT 10.0; Win64; x64) AppleWebKit/537.36 (KHTML, like Gecko) Chrome/87.0.4280.88 Safari/537.36
0:0:0:0:0:0:0:1 - - [21/Dec/2020:21:28:41 +0800] "GET /nacos/css/main.css HTTP/1.1" 200 444221 25 Mozilla/5.0 (Windows NT 10.0; Win64; x64) AppleWebKit/537.36 (KHTML, like Gecko) Chrome/87.0.4280.88 Safari/537.36
0:0:0:0:0:0:0:1 - - [21/Dec/2020:21:28:41 +0800] "GET /nacos/console-fe/public/js/codemirror.js HTTP/1.1" 200 366246 14 Mozilla/5.0 (Windows NT 10.0; Win64; x64) AppleWebKit/537.36 (KHTML, like Gecko) Chrome/87.0.4280.88 Safari/537.36
0:0:0:0:0:0:0:1 - - [21/Dec/2020:21:28:41 +0800] "GET /nacos/console-fe/public/js/javascript.js HTTP/1.1" 200 32209 11 Mozilla/5.0 (Windows NT 10.0; Win64; x64) AppleWebKit/537.36 (KHTML, like Gecko) Chrome/87.0.4280.88 Safari/537.36
0:0:0:0:0:0:0:1 - - [21/Dec/2020:21:28:41 +0800] "GET /nacos/console-fe/public/js/xml.js HTTP/1.1" 200 13059 14 Mozilla/5.0 (Windows NT 10.0; Win64; x64) AppleWebKit/537.36 (KHTML, like Gecko) Chrome/87.0.4280.88 Safari/537.36
0:0:0:0:0:0:0:1 - - [21/Dec/2020:21:28:41 +0800] "GET /nacos/console-fe/public/js/codemirror.addone.fullscreen.js HTTP/1.1" 200 1983 10 Mozilla/5.0 (Windows NT 10.0; Win64; x64) AppleWebKit/537.36 (KHTML, like Gecko) Chrome/87.0.4280.88 Safari/537.36
0:0:0:0:0:0:0:1 - - [21/Dec/2020:21:28:41 +0800] "GET /nacos/console-fe/public/js/codemirror.lib.json-lint.js HTTP/1.1" 200 16798 12 Mozilla/5.0 (Windows NT 10.0; Win64; x64) AppleWebKit/537.36 (KHTML, like Gecko) Chrome/87.0.4280.88 Safari/537.36
0:0:0:0:0:0:0:1 - - [21/Dec/2020:21:28:41 +0800] "GET /nacos/console-fe/public/js/codemirror.addone.lint.js HTTP/1.1" 200 8521 18 Mozilla/5.0 (Windows NT 10.0; Win64; x64) AppleWebKit/537.36 (KHTML, like Gecko) Chrome/87.0.4280.88 Safari/537.36
0:0:0:0:0:0:0:1 - - [21/Dec/2020:21:28:41 +0800] "GET /nacos/console-fe/public/js/codemirror.lib.clike-lint.js HTTP/1.1" 200 31531 6 Mozilla/5.0 (Windows NT 10.0; Win64; x64) AppleWebKit/537.36 (KHTML, like Gecko) Chrome/87.0.4280.88 Safari/537.36
0:0:0:0:0:0:0:1 - - [21/Dec/2020:21:28:41 +0800] "GET /nacos/console-fe/public/js/codemirror.addone.json-lint.js HTTP/1.1" 200 1443 11 Mozilla/5.0 (Windows NT 10.0; Win64; x64) AppleWebKit/537.36 (KHTML, like Gecko) Chrome/87.0.4280.88 Safari/537.36
0:0:0:0:0:0:0:1 - - [21/Dec/2020:21:28:41 +0800] "GET /nacos/console-fe/public/js/diff_match_patch.js HTTP/1.1" 200 19192 9 Mozilla/5.0 (Windows NT 10.0; Win64; x64) AppleWebKit/537.36 (KHTML, like Gecko) Chrome/87.0.4280.88 Safari/537.36
0:0:0:0:0:0:0:1 - - [21/Dec/2020:21:28:41 +0800] "GET /nacos/console-fe/public/js/loader.js HTTP/1.1" 200 28899 10 Mozilla/5.0 (Windows NT 10.0; Win64; x64) AppleWebKit/537.36 (KHTML, like Gecko) Chrome/87.0.4280.88 Safari/537.36
0:0:0:0:0:0:0:1 - - [21/Dec/2020:21:28:41 +0800] "GET /nacos/console-fe/public/js/merge.js HTTP/1.1" 200 37883 20 Mozilla/5.0 (Windows NT 10.0; Win64; x64) AppleWebKit/537.36 (KHTML, like Gecko) Chrome/87.0.4280.88 Safari/537.36
0:0:0:0:0:0:0:1 - - [21/Dec/2020:21:28:41 +0800] "GET /nacos/js/main.js HTTP/1.1" 200 1381374 37 Mozilla/5.0 (Windows NT 10.0; Win64; x64) AppleWebKit/537.36 (KHTML, like Gecko) Chrome/87.0.4280.88 Safari/537.36
0:0:0:0:0:0:0:1 - - [21/Dec/2020:21:28:41 +0800] "GET /nacos/console-fe/public/js/vs/editor/editor.main.js HTTP/1.1" 200 1824087 31 Mozilla/5.0 (Windows NT 10.0; Win64; x64) AppleWebKit/537.36 (KHTML, like Gecko) Chrome/87.0.4280.88 Safari/537.36
0:0:0:0:0:0:0:1 - - [21/Dec/2020:21:28:41 +0800] "GET /nacos/img/logo-2000-390.svg HTTP/1.1" 200 2106 8 Mozilla/5.0 (Windows NT 10.0; Win64; x64) AppleWebKit/537.36 (KHTML, like Gecko) Chrome/87.0.4280.88 Safari/537.36
0:0:0:0:0:0:0:1 - - [21/Dec/2020:21:28:41 +0800] "GET /nacos/v1/console/server/state?accessToken=eyJhbGciOiJIUzI1NiJ9.eyJzdWIiOiJuYWNvcyIsImV4cCI6MTYwNjk3NzQxMX0.r5nKDB8P03vTLIb1LyVZSIhCSTOOZeerimfeO9MX5jE HTTP/1.1" 200 82 67 Mozilla/5.0 (Windows NT 10.0; Win64; x64) AppleWebKit/537.36 (KHTML, like Gecko) Chrome/87.0.4280.88 Safari/537.36
0:0:0:0:0:0:0:1 - - [21/Dec/2020:21:28:41 +0800] "GET /nacos/console-fe/public/icons/icon-font.woff2 HTTP/1.1" 404 177 48 Mozilla/5.0 (Windows NT 10.0; Win64; x64) AppleWebKit/537.36 (KHTML, like Gecko) Chrome/87.0.4280.88 Safari/537.36
0:0:0:0:0:0:0:1 - - [21/Dec/2020:21:28:42 +0800] "GET /nacos/v1/console/namespaces?&accessToken=eyJhbGciOiJIUzI1NiJ9.eyJzdWIiOiJuYWNvcyIsImV4cCI6MTYwNjk3NzQxMX0.r5nKDB8P03vTLIb1LyVZSIhCSTOOZeerimfeO9MX5jE&namespaceId= HTTP/1.1" 200 130 17 Mozilla/5.0 (Windows NT 10.0; Win64; x64) AppleWebKit/537.36 (KHTML, like Gecko) Chrome/87.0.4280.88 Safari/537.36
0:0:0:0:0:0:0:1 - - [21/Dec/2020:21:28:42 +0800] "GET /nacos/console-fe/public/js/vs/editor/editor.main.css HTTP/1.1" 200 172199 13 Mozilla/5.0 (Windows NT 10.0; Win64; x64) AppleWebKit/537.36 (KHTML, like Gecko) Chrome/87.0.4280.88 Safari/537.36
0:0:0:0:0:0:0:1 - - [21/Dec/2020:21:28:42 +0800] "GET /nacos/console-fe/public/js/vs/editor/editor.main.nls.zh-cn.js HTTP/1.1" 200 22864 7 Mozilla/5.0 (Windows NT 10.0; Win64; x64) AppleWebKit/537.36 (KHTML, like Gecko) Chrome/87.0.4280.88 Safari/537.36
0:0:0:0:0:0:0:1 - - [21/Dec/2020:21:28:42 +0800] "GET /nacos/console-fe/public/icons/icon-font.woff HTTP/1.1" 200 5504 6 Mozilla/5.0 (Windows NT 10.0; Win64; x64) AppleWebKit/537.36 (KHTML, like Gecko) Chrome/87.0.4280.88 Safari/537.36
0:0:0:0:0:0:0:1 - - [21/Dec/2020:21:28:42 +0800] "GET /nacos/v1/cs/configs?dataId=&group=&appName=&config_tags=&pageNo=1&pageSize=10&tenant=&search=accurate&accessToken=eyJhbGciOiJIUzI1NiJ9.eyJzdWIiOiJuYWNvcyIsImV4cCI6MTYwNjk3NzQxMX0.r5nKDB8P03vTLIb1LyVZSIhCSTOOZeerimfeO9MX5jE HTTP/1.1" 200 6319 84 Mozilla/5.0 (Windows NT 10.0; Win64; x64) AppleWebKit/537.36 (KHTML, like Gecko) Chrome/87.0.4280.88 Safari/537.36
0:0:0:0:0:0:0:1 - - [21/Dec/2020:21:28:42 +0800] "GET /nacos/console-fe/public/img/favicon.ico HTTP/1.1" 200 4286 28 Mozilla/5.0 (Windows NT 10.0; Win64; x64) AppleWebKit/537.36 (KHTML, like Gecko) Chrome/87.0.4280.88 Safari/537.36
0:0:0:0:0:0:0:1 - - [21/Dec/2020:21:28:56 +0800] "GET /nacos/v1/cs/configs?show=all&dataId=youlai-admin.yaml&group=DEFAULT_GROUP&tenant=&accessToken=eyJhbGciOiJIUzI1NiJ9.eyJzdWIiOiJuYWNvcyIsImV4cCI6MTYwNjk3NzQxMX0.r5nKDB8P03vTLIb1LyVZSIhCSTOOZeerimfeO9MX5jE&namespaceId= HTTP/1.1" 200 1133 25 Mozilla/5.0 (Windows NT 10.0; Win64; x64) AppleWebKit/537.36 (KHTML, like Gecko) Chrome/87.0.4280.88 Safari/537.36
0:0:0:0:0:0:0:1 - - [21/Dec/2020:21:29:01 +0800] "GET /nacos/v1/cs/configs?dataId=&group=&appName=&config_tags=&pageNo=1&pageSize=10&tenant=&search=accurate&accessToken=eyJhbGciOiJIUzI1NiJ9.eyJzdWIiOiJuYWNvcyIsImV4cCI6MTYwNjk3NzQxMX0.r5nKDB8P03vTLIb1LyVZSIhCSTOOZeerimfeO9MX5jE HTTP/1.1" 200 6319 25 Mozilla/5.0 (Windows NT 10.0; Win64; x64) AppleWebKit/537.36 (KHTML, like Gecko) Chrome/87.0.4280.88 Safari/537.36
0:0:0:0:0:0:0:1 - - [21/Dec/2020:21:29:07 +0800] "GET /nacos/v1/cs/configs?export=true&tenant=&group=&appName=&ids=38&accessToken=eyJhbGciOiJIUzI1NiJ9.eyJzdWIiOiJuYWNvcyIsImV4cCI6MTYwNjk3NzQxMX0.r5nKDB8P03vTLIb1LyVZSIhCSTOOZeerimfeO9MX5jE HTTP/1.1" 200 473 114 Mozilla/5.0 (Windows NT 10.0; Win64; x64) AppleWebKit/537.36 (KHTML, like Gecko) Chrome/87.0.4280.88 Safari/537.36
0:0:0:0:0:0:0:1 - - [21/Dec/2020:21:29:08 +0800] "GET /nacos/v1/cs/configs?export=true&tenant=&group=&appName=&ids=38&accessToken=eyJhbGciOiJIUzI1NiJ9.eyJzdWIiOiJuYWNvcyIsImV4cCI6MTYwNjk3NzQxMX0.r5nKDB8P03vTLIb1LyVZSIhCSTOOZeerimfeO9MX5jE HTTP/1.1" 200 473 15 Mozilla/5.0 (Windows NT 10.0; Win64; x64) AppleWebKit/537.36 (KHTML, like Gecko) Chrome/87.0.4280.88 Safari/537.36
0:0:0:0:0:0:0:1 - - [21/Dec/2020:21:29:23 +0800] "GET /nacos/v1/cs/configs?export=true&tenant=&group=&appName=&ids=33,34,35,36,37,38,39&accessToken=eyJhbGciOiJIUzI1NiJ9.eyJzdWIiOiJuYWNvcyIsImV4cCI6MTYwNjk3NzQxMX0.r5nKDB8P03vTLIb1LyVZSIhCSTOOZeerimfeO9MX5jE HTTP/1.1" 200 4222 14 Mozilla/5.0 (Windows NT 10.0; Win64; x64) AppleWebKit/537.36 (KHTML, like Gecko) Chrome/87.0.4280.88 Safari/537.36
0:0:0:0:0:0:0:1 - - [21/Dec/2020:21:29:23 +0800] "GET /nacos/v1/cs/configs?export=true&tenant=&group=&appName=&ids=33,34,35,36,37,38,39&accessToken=eyJhbGciOiJIUzI1NiJ9.eyJzdWIiOiJuYWNvcyIsImV4cCI6MTYwNjk3NzQxMX0.r5nKDB8P03vTLIb1LyVZSIhCSTOOZeerimfeO9MX5jE HTTP/1.1" 200 4222 18 Mozilla/5.0 (Windows NT 10.0; Win64; x64) AppleWebKit/537.36 (KHTML, like Gecko) Chrome/87.0.4280.88 Safari/537.36
